C:\USERS\SABRINA\DESKTOP\SIMULATIONGUI\SIMULATIONGUI\X64\DEBUG\CAPACITOR.OBJ
C:\USERS\SABRINA\DESKTOP\SIMULATIONGUI\SIMULATIONGUI\X64\DEBUG\BSIM4V30PMOS.OBJ
C:\USERS\SABRINA\DESKTOP\SIMULATIONGUI\SIMULATIONGUI\X64\DEBUG\BSIM4V30NMOS.OBJ
C:\USERS\SABRINA\DESKTOP\SIMULATIONGUI\SIMULATIONGUI\X64\DEBUG\BSIM3V34PMOS.OBJ
C:\USERS\SABRINA\DESKTOP\SIMULATIONGUI\SIMULATIONGUI\X64\DEBUG\BSIM3V34NMOS.OBJ
C:\USERS\SABRINA\DESKTOP\SIMULATIONGUI\SIMULATIONGUI\X64\DEBUG\BONDWIRE.OBJ
C:\USERS\SABRINA\DESKTOP\SIMULATIONGUI\SIMULATIONGUI\X64\DEBUG\BJTSUB.OBJ
C:\USERS\SABRINA\DESKTOP\SIMULATIONGUI\SIMULATIONGUI\X64\DEBUG\BJT.OBJ
C:\USERS\SABRINA\DESKTOP\SIMULATIONGUI\SIMULATIONGUI\X64\DEBUG\BINARYTOGREY4BIT.OBJ
C:\USERS\SABRINA\DESKTOP\SIMULATIONGUI\SIMULATIONGUI\X64\DEBUG\BIAST.OBJ
C:\USERS\SABRINA\DESKTOP\SIMULATIONGUI\SIMULATIONGUI\X64\DEBUG\ATTENUATOR.OBJ
C:\USERS\SABRINA\DESKTOP\SIMULATIONGUI\SIMULATIONGUI\X64\DEBUG\ANDOR4X4.OBJ
C:\USERS\SABRINA\DESKTOP\SIMULATIONGUI\SIMULATIONGUI\X64\DEBUG\ANDOR4X3.OBJ
C:\USERS\SABRINA\DESKTOP\SIMULATIONGUI\SIMULATIONGUI\X64\DEBUG\ANDOR4X2.OBJ
C:\USERS\SABRINA\DESKTOP\SIMULATIONGUI\SIMULATIONGUI\X64\DEBUG\AM_MODULATOR.OBJ
C:\USERS\SABRINA\DESKTOP\SIMULATIONGUI\SIMULATIONGUI\X64\DEBUG\AMPLIFIER.OBJ
C:\USERS\SABRINA\DESKTOP\SIMULATIONGUI\SIMULATIONGUI\X64\DEBUG\AMPERE_NOISE.OBJ
C:\USERS\SABRINA\DESKTOP\SIMULATIONGUI\SIMULATIONGUI\X64\DEBUG\AMPERE_DC.OBJ
C:\USERS\SABRINA\DESKTOP\SIMULATIONGUI\SIMULATIONGUI\X64\DEBUG\AMPERE_AC.OBJ
C:\USERS\SABRINA\DESKTOP\SIMULATIONGUI\SIMULATIONGUI\X64\DEBUG\AC_SIM.OBJ
C:\USERS\SABRINA\DESKTOP\SIMULATIONGUI\SIMULATIONGUI\X64\DEBUG\DFF_SR.OBJ
C:\USERS\SABRINA\DESKTOP\SIMULATIONGUI\SIMULATIONGUI\X64\DEBUG\DC_SIM.OBJ
C:\USERS\SABRINA\DESKTOP\SIMULATIONGUI\SIMULATIONGUI\X64\DEBUG\DCFEED.OBJ
C:\USERS\SABRINA\DESKTOP\SIMULATIONGUI\SIMULATIONGUI\X64\DEBUG\DCBLOCK.OBJ
C:\USERS\SABRINA\DESKTOP\SIMULATIONGUI\SIMULATIONGUI\X64\DEBUG\CTLINE.OBJ
C:\USERS\SABRINA\DESKTOP\SIMULATIONGUI\SIMULATIONGUI\X64\DEBUG\CPWSTEP.OBJ
C:\USERS\SABRINA\DESKTOP\SIMULATIONGUI\SIMULATIONGUI\X64\DEBUG\CPWSHORT.OBJ
C:\USERS\SABRINA\DESKTOP\SIMULATIONGUI\SIMULATIONGUI\X64\DEBUG\CPWOPEN.OBJ
C:\USERS\SABRINA\DESKTOP\SIMULATIONGUI\SIMULATIONGUI\X64\DEBUG\CPWGAP.OBJ
C:\USERS\SABRINA\DESKTOP\SIMULATIONGUI\SIMULATIONGUI\X64\DEBUG\COUPLER.OBJ
C:\USERS\SABRINA\DESKTOP\SIMULATIONGUI\SIMULATIONGUI\X64\DEBUG\COPLANAR.OBJ
C:\USERS\SABRINA\DESKTOP\SIMULATIONGUI\SIMULATIONGUI\X64\DEBUG\COMP_4BIT.OBJ
C:\USERS\SABRINA\DESKTOP\SIMULATIONGUI\SIMULATIONGUI\X64\DEBUG\COMP_2BIT.OBJ
C:\USERS\SABRINA\DESKTOP\SIMULATIONGUI\SIMULATIONGUI\X64\DEBUG\COMP_1BIT.OBJ
C:\USERS\SABRINA\DESKTOP\SIMULATIONGUI\SIMULATIONGUI\X64\DEBUG\COMPONENTDIALOG.OBJ
C:\USERS\SABRINA\DESKTOP\SIMULATIONGUI\SIMULATIONGUI\X64\DEBUG\COMPONENT.OBJ
C:\USERS\SABRINA\DESKTOP\SIMULATIONGUI\SIMULATIONGUI\X64\DEBUG\COAXIALLINE.OBJ
C:\USERS\SABRINA\DESKTOP\SIMULATIONGUI\SIMULATIONGUI\X64\DEBUG\CIRCULATOR.OBJ
C:\USERS\SABRINA\DESKTOP\SIMULATIONGUI\SIMULATIONGUI\X64\DEBUG\CCVS.OBJ
C:\USERS\SABRINA\DESKTOP\SIMULATIONGUI\SIMULATIONGUI\X64\DEBUG\CCCS.OBJ
C:\USERS\SABRINA\DESKTOP\SIMULATIONGUI\SIMULATIONGUI\X64\DEBUG\GROUND.OBJ
C:\USERS\SABRINA\DESKTOP\SIMULATIONGUI\SIMULATIONGUI\X64\DEBUG\GREYTOBINARY4BIT.OBJ
C:\USERS\SABRINA\DESKTOP\SIMULATIONGUI\SIMULATIONGUI\X64\DEBUG\GATEDDLATCH.OBJ
C:\USERS\SABRINA\DESKTOP\SIMULATIONGUI\SIMULATIONGUI\X64\DEBUG\FA2B.OBJ
C:\USERS\SABRINA\DESKTOP\SIMULATIONGUI\SIMULATIONGUI\X64\DEBUG\FA1B.OBJ
C:\USERS\SABRINA\DESKTOP\SIMULATIONGUI\SIMULATIONGUI\X64\DEBUG\ETR_SIM.OBJ
C:\USERS\SABRINA\DESKTOP\SIMULATIONGUI\SIMULATIONGUI\X64\DEBUG\EQUATION.OBJ
C:\USERS\SABRINA\DESKTOP\SIMULATIONGUI\SIMULATIONGUI\X64\DEBUG\EQNDEFINED.OBJ
C:\USERS\SABRINA\DESKTOP\SIMULATIONGUI\SIMULATIONGUI\X64\DEBUG\EKV26MOS.OBJ
C:\USERS\SABRINA\DESKTOP\SIMULATIONGUI\SIMULATIONGUI\X64\DEBUG\ECVS.OBJ
C:\USERS\SABRINA\DESKTOP\SIMULATIONGUI\SIMULATIONGUI\X64\DEBUG\D_FLIPFLOP.OBJ
C:\USERS\SABRINA\DESKTOP\SIMULATIONGUI\SIMULATIONGUI\X64\DEBUG\DMUX4TO16.OBJ
C:\USERS\SABRINA\DESKTOP\SIMULATIONGUI\SIMULATIONGUI\X64\DEBUG\DMUX3TO8.OBJ
C:\USERS\SABRINA\DESKTOP\SIMULATIONGUI\SIMULATIONGUI\X64\DEBUG\DMUX2TO4.OBJ
C:\USERS\SABRINA\DESKTOP\SIMULATIONGUI\SIMULATIONGUI\X64\DEBUG\DLS_NTO1.OBJ
C:\USERS\SABRINA\DESKTOP\SIMULATIONGUI\SIMULATIONGUI\X64\DEBUG\DLS_1TON.OBJ
C:\USERS\SABRINA\DESKTOP\SIMULATIONGUI\SIMULATIONGUI\X64\DEBUG\DIODE.OBJ
C:\USERS\SABRINA\DESKTOP\SIMULATIONGUI\SIMULATIONGUI\X64\DEBUG\DIGI_SOURCE.OBJ
C:\USERS\SABRINA\DESKTOP\SIMULATIONGUI\SIMULATIONGUI\X64\DEBUG\DIGI_SIM.OBJ
C:\USERS\SABRINA\DESKTOP\SIMULATIONGUI\SIMULATIONGUI\X64\DEBUG\DIAC.OBJ
C:\USERS\SABRINA\DESKTOP\SIMULATIONGUI\SIMULATIONGUI\X64\DEBUG\IPULSE.OBJ
C:\USERS\SABRINA\DESKTOP\SIMULATIONGUI\SIMULATIONGUI\X64\DEBUG\IPROBE.OBJ
C:\USERS\SABRINA\DESKTOP\SIMULATIONGUI\SIMULATIONGUI\X64\DEBUG\INDUCTOR.OBJ
C:\USERS\SABRINA\DESKTOP\SIMULATIONGUI\SIMULATIONGUI\X64\DEBUG\IFILE.OBJ
C:\USERS\SABRINA\DESKTOP\SIMULATIONGUI\SIMULATIONGUI\X64\DEBUG\IEXP.OBJ
C:\USERS\SABRINA\DESKTOP\SIMULATIONGUI\SIMULATIONGUI\X64\DEBUG\HYBRID.OBJ
C:\USERS\SABRINA\DESKTOP\SIMULATIONGUI\SIMULATIONGUI\X64\DEBUG\HPRIBIN4BIT.OBJ
C:\USERS\SABRINA\DESKTOP\SIMULATIONGUI\SIMULATIONGUI\X64\DEBUG\HICUML2V2P31N.OBJ
C:\USERS\SABRINA\DESKTOP\SIMULATIONGUI\SIMULATIONGUI\X64\DEBUG\HICUML2V2P24.OBJ
C:\USERS\SABRINA\DESKTOP\SIMULATIONGUI\SIMULATIONGUI\X64\DEBUG\HICUML2V2P23.OBJ
C:\USERS\SABRINA\DESKTOP\SIMULATIONGUI\SIMULATIONGUI\X64\DEBUG\HICUML2V2P1.OBJ
C:\USERS\SABRINA\DESKTOP\SIMULATIONGUI\SIMULATIONGUI\X64\DEBUG\HICUML0V1P3.OBJ
C:\USERS\SABRINA\DESKTOP\SIMULATIONGUI\SIMULATIONGUI\X64\DEBUG\HICUML0V1P2G.OBJ
C:\USERS\SABRINA\DESKTOP\SIMULATIONGUI\SIMULATIONGUI\X64\DEBUG\HICUML0V1P2.OBJ
C:\USERS\SABRINA\DESKTOP\SIMULATIONGUI\SIMULATIONGUI\X64\DEBUG\HIC2_FULL.OBJ
C:\USERS\SABRINA\DESKTOP\SIMULATIONGUI\SIMULATIONGUI\X64\DEBUG\HIC0_FULL.OBJ
C:\USERS\SABRINA\DESKTOP\SIMULATIONGUI\SIMULATIONGUI\X64\DEBUG\HB_SIM.OBJ
C:\USERS\SABRINA\DESKTOP\SIMULATIONGUI\SIMULATIONGUI\X64\DEBUG\HBT_X.OBJ
C:\USERS\SABRINA\DESKTOP\SIMULATIONGUI\SIMULATIONGUI\X64\DEBUG\HA1B.OBJ
C:\USERS\SABRINA\DESKTOP\SIMULATIONGUI\SIMULATIONGUI\X64\DEBUG\GYRATOR.OBJ
C:\USERS\SABRINA\DESKTOP\SIMULATIONGUI\SIMULATIONGUI\X64\DEBUG\MOSFET.OBJ
C:\USERS\SABRINA\DESKTOP\SIMULATIONGUI\SIMULATIONGUI\X64\DEBUG\MOD_AMP.OBJ
C:\USERS\SABRINA\DESKTOP\SIMULATIONGUI\SIMULATIONGUI\X64\DEBUG\MESFET.OBJ
C:\USERS\SABRINA\DESKTOP\SIMULATIONGUI\SIMULATIONGUI\X64\DEBUG\LOG_AMP.OBJ
C:\USERS\SABRINA\DESKTOP\SIMULATIONGUI\SIMULATIONGUI\X64\DEBUG\LOGIC_1.OBJ
C:\USERS\SABRINA\DESKTOP\SIMULATIONGUI\SIMULATIONGUI\X64\DEBUG\LOGIC_0.OBJ
C:\USERS\SABRINA\DESKTOP\SIMULATIONGUI\SIMULATIONGUI\X64\DEBUG\LOGICAL_XOR.OBJ
C:\USERS\SABRINA\DESKTOP\SIMULATIONGUI\SIMULATIONGUI\X64\DEBUG\LOGICAL_XNOR.OBJ
C:\USERS\SABRINA\DESKTOP\SIMULATIONGUI\SIMULATIONGUI\X64\DEBUG\LOGICAL_OR.OBJ
C:\USERS\SABRINA\DESKTOP\SIMULATIONGUI\SIMULATIONGUI\X64\DEBUG\LOGICAL_NOR.OBJ
C:\USERS\SABRINA\DESKTOP\SIMULATIONGUI\SIMULATIONGUI\X64\DEBUG\LOGICAL_NAND.OBJ
C:\USERS\SABRINA\DESKTOP\SIMULATIONGUI\SIMULATIONGUI\X64\DEBUG\LOGICAL_INV.OBJ
C:\USERS\SABRINA\DESKTOP\SIMULATIONGUI\SIMULATIONGUI\X64\DEBUG\LOGICAL_BUF.OBJ
C:\USERS\SABRINA\DESKTOP\SIMULATIONGUI\SIMULATIONGUI\X64\DEBUG\LOGICAL_AND.OBJ
C:\USERS\SABRINA\DESKTOP\SIMULATIONGUI\SIMULATIONGUI\X64\DEBUG\LIBCOMP.OBJ
C:\USERS\SABRINA\DESKTOP\SIMULATIONGUI\SIMULATIONGUI\X64\DEBUG\JK_FLIPFLOP.OBJ
C:\USERS\SABRINA\DESKTOP\SIMULATIONGUI\SIMULATIONGUI\X64\DEBUG\JKFF_SR.OBJ
C:\USERS\SABRINA\DESKTOP\SIMULATIONGUI\SIMULATIONGUI\X64\DEBUG\JFET.OBJ
C:\USERS\SABRINA\DESKTOP\SIMULATIONGUI\SIMULATIONGUI\X64\DEBUG\ISOLATOR.OBJ
C:\USERS\SABRINA\DESKTOP\SIMULATIONGUI\SIMULATIONGUI\X64\DEBUG\IRECT.OBJ
C:\USERS\SABRINA\DESKTOP\SIMULATIONGUI\SIMULATIONGUI\X64\DEBUG\NOISE_II.OBJ
C:\USERS\SABRINA\DESKTOP\SIMULATIONGUI\SIMULATIONGUI\X64\DEBUG\NIGBT.OBJ
C:\USERS\SABRINA\DESKTOP\SIMULATIONGUI\SIMULATIONGUI\X64\DEBUG\MUX8TO1.OBJ
C:\USERS\SABRINA\DESKTOP\SIMULATIONGUI\SIMULATIONGUI\X64\DEBUG\MUX4TO1.OBJ
C:\USERS\SABRINA\DESKTOP\SIMULATIONGUI\SIMULATIONGUI\X64\DEBUG\MUX2TO1.OBJ
C:\USERS\SABRINA\DESKTOP\SIMULATIONGUI\SIMULATIONGUI\X64\DEBUG\MUTUAL2.OBJ
C:\USERS\SABRINA\DESKTOP\SIMULATIONGUI\SIMULATIONGUI\X64\DEBUG\MUTUAL.OBJ
C:\USERS\SABRINA\DESKTOP\SIMULATIONGUI\SIMULATIONGUI\X64\DEBUG\MSVIA.OBJ
C:\USERS\SABRINA\DESKTOP\SIMULATIONGUI\SIMULATIONGUI\X64\DEBUG\MSTEE.OBJ
C:\USERS\SABRINA\DESKTOP\SIMULATIONGUI\SIMULATIONGUI\X64\DEBUG\MSSTEP.OBJ
C:\USERS\SABRINA\DESKTOP\SIMULATIONGUI\SIMULATIONGUI\X64\DEBUG\MSRSTUB.OBJ
C:\USERS\SABRINA\DESKTOP\SIMULATIONGUI\SIMULATIONGUI\X64\DEBUG\MSOPEN.OBJ
C:\USERS\SABRINA\DESKTOP\SIMULATIONGUI\SIMULATIONGUI\X64\DEBUG\MSMBEND.OBJ
C:\USERS\SABRINA\DESKTOP\SIMULATIONGUI\SIMULATIONGUI\X64\DEBUG\MSLINE.OBJ
C:\USERS\SABRINA\DESKTOP\SIMULATIONGUI\SIMULATIONGUI\X64\DEBUG\MSLANGE.OBJ
C:\USERS\SABRINA\DESKTOP\SIMULATIONGUI\SIMULATIONGUI\X64\DEBUG\MSGAP.OBJ
C:\USERS\SABRINA\DESKTOP\SIMULATIONGUI\SIMULATIONGUI\X64\DEBUG\MSCROSS.OBJ
C:\USERS\SABRINA\DESKTOP\SIMULATIONGUI\SIMULATIONGUI\X64\DEBUG\MSCOUPLED.OBJ
C:\USERS\SABRINA\DESKTOP\SIMULATIONGUI\SIMULATIONGUI\X64\DEBUG\MSCORNER.OBJ
C:\USERS\SABRINA\DESKTOP\SIMULATIONGUI\SIMULATIONGUI\X64\DEBUG\MOSFET_SUB.OBJ
C:\USERS\SABRINA\DESKTOP\SIMULATIONGUI\SIMULATIONGUI\X64\DEBUG\RLCG.OBJ
C:\USERS\SABRINA\DESKTOP\SIMULATIONGUI\SIMULATIONGUI\X64\DEBUG\RFEDD2P.OBJ
C:\USERS\SABRINA\DESKTOP\SIMULATIONGUI\SIMULATIONGUI\X64\DEBUG\RFEDD.OBJ
C:\USERS\SABRINA\DESKTOP\SIMULATIONGUI\SIMULATIONGUI\X64\DEBUG\RESISTOR.OBJ
C:\USERS\SABRINA\DESKTOP\SIMULATIONGUI\SIMULATIONGUI\X64\DEBUG\RELAIS.OBJ
C:\USERS\SABRINA\DESKTOP\SIMULATIONGUI\SIMULATIONGUI\X64\DEBUG\RECTLINE.OBJ
C:\USERS\SABRINA\DESKTOP\SIMULATIONGUI\SIMULATIONGUI\X64\DEBUG\POTENTIOMETER.OBJ
C:\USERS\SABRINA\DESKTOP\SIMULATIONGUI\SIMULATIONGUI\X64\DEBUG\PM_MODULATOR.OBJ
C:\USERS\SABRINA\DESKTOP\SIMULATIONGUI\SIMULATIONGUI\X64\DEBUG\PHOTOTRANSISTOR.OBJ
C:\USERS\SABRINA\DESKTOP\SIMULATIONGUI\SIMULATIONGUI\X64\DEBUG\PHOTODIODE.OBJ
C:\USERS\SABRINA\DESKTOP\SIMULATIONGUI\SIMULATIONGUI\X64\DEBUG\PHASESHIFTER.OBJ
C:\USERS\SABRINA\DESKTOP\SIMULATIONGUI\SIMULATIONGUI\X64\DEBUG\PARAM_SWEEP.OBJ
C:\USERS\SABRINA\DESKTOP\SIMULATIONGUI\SIMULATIONGUI\X64\DEBUG\PAD4BIT.OBJ
C:\USERS\SABRINA\DESKTOP\SIMULATIONGUI\SIMULATIONGUI\X64\DEBUG\PAD3BIT.OBJ
C:\USERS\SABRINA\DESKTOP\SIMULATIONGUI\SIMULATIONGUI\X64\DEBUG\PAD2BIT.OBJ
C:\USERS\SABRINA\DESKTOP\SIMULATIONGUI\SIMULATIONGUI\X64\DEBUG\OPT_SIM.OBJ
C:\USERS\SABRINA\DESKTOP\SIMULATIONGUI\SIMULATIONGUI\X64\DEBUG\OPTIMIZEDIALOG.OBJ
C:\USERS\SABRINA\DESKTOP\SIMULATIONGUI\SIMULATIONGUI\X64\DEBUG\OPAMP.OBJ
C:\USERS\SABRINA\DESKTOP\SIMULATIONGUI\SIMULATIONGUI\X64\DEBUG\NOISE_VV.OBJ
C:\USERS\SABRINA\DESKTOP\SIMULATIONGUI\SIMULATIONGUI\X64\DEBUG\NOISE_IV.OBJ
C:\USERS\SABRINA\DESKTOP\SIMULATIONGUI\SIMULATIONGUI\X64\DEBUG\TWISTEDPAIR.OBJ
C:\USERS\SABRINA\DESKTOP\SIMULATIONGUI\SIMULATIONGUI\X64\DEBUG\TUNNELDIODE.OBJ
C:\USERS\SABRINA\DESKTOP\SIMULATIONGUI\SIMULATIONGUI\X64\DEBUG\TR_SIM.OBJ
C:\USERS\SABRINA\DESKTOP\SIMULATIONGUI\SIMULATIONGUI\X64\DEBUG\TRIAC.OBJ
C:\USERS\SABRINA\DESKTOP\SIMULATIONGUI\SIMULATIONGUI\X64\DEBUG\TRANSFORMER.OBJ
C:\USERS\SABRINA\DESKTOP\SIMULATIONGUI\SIMULATIONGUI\X64\DEBUG\TLINE_4PORT.OBJ
C:\USERS\SABRINA\DESKTOP\SIMULATIONGUI\SIMULATIONGUI\X64\DEBUG\TLINE.OBJ
C:\USERS\SABRINA\DESKTOP\SIMULATIONGUI\SIMULATIONGUI\X64\DEBUG\THYRISTOR.OBJ
C:\USERS\SABRINA\DESKTOP\SIMULATIONGUI\SIMULATIONGUI\X64\DEBUG\TFF_SR.OBJ
C:\USERS\SABRINA\DESKTOP\SIMULATIONGUI\SIMULATIONGUI\X64\DEBUG\SYMTRAFO.OBJ
C:\USERS\SABRINA\DESKTOP\SIMULATIONGUI\SIMULATIONGUI\X64\DEBUG\SWITCH.OBJ
C:\USERS\SABRINA\DESKTOP\SIMULATIONGUI\SIMULATIONGUI\X64\DEBUG\SUBSTRATE.OBJ
C:\USERS\SABRINA\DESKTOP\SIMULATIONGUI\SIMULATIONGUI\X64\DEBUG\SUBCIRPORT.OBJ
C:\USERS\SABRINA\DESKTOP\SIMULATIONGUI\SIMULATIONGUI\X64\DEBUG\SUBCIRCUIT.OBJ
C:\USERS\SABRINA\DESKTOP\SIMULATIONGUI\SIMULATIONGUI\X64\DEBUG\SP_SIM.OBJ
C:\USERS\SABRINA\DESKTOP\SIMULATIONGUI\SIMULATIONGUI\X64\DEBUG\SPICEFILE.OBJ
C:\USERS\SABRINA\DESKTOP\SIMULATIONGUI\SIMULATIONGUI\X64\DEBUG\SPICEDIALOG.OBJ
C:\USERS\SABRINA\DESKTOP\SIMULATIONGUI\SIMULATIONGUI\X64\DEBUG\SPARAMFILE.OBJ
C:\USERS\SABRINA\DESKTOP\SIMULATIONGUI\SIMULATIONGUI\X64\DEBUG\SOURCE_AC.OBJ
C:\USERS\SABRINA\DESKTOP\SIMULATIONGUI\SIMULATIONGUI\X64\DEBUG\RS_FLIPFLOP.OBJ
C:\USERS\SABRINA\DESKTOP\SIMULATIONGUI\SIMULATIONGUI\X64\DEBUG\MARKER.OBJ
C:\USERS\SABRINA\DESKTOP\SIMULATIONGUI\SIMULATIONGUI\X64\DEBUG\GRAPH.OBJ
C:\USERS\SABRINA\DESKTOP\SIMULATIONGUI\SIMULATIONGUI\X64\DEBUG\DIAGRAMDIALOG.OBJ
C:\USERS\SABRINA\DESKTOP\SIMULATIONGUI\SIMULATIONGUI\X64\DEBUG\DIAGRAM.OBJ
C:\USERS\SABRINA\DESKTOP\SIMULATIONGUI\SIMULATIONGUI\X64\DEBUG\CURVEDIAGRAM.OBJ
C:\USERS\SABRINA\DESKTOP\SIMULATIONGUI\SIMULATIONGUI\X64\DEBUG\VRECT.OBJ
C:\USERS\SABRINA\DESKTOP\SIMULATIONGUI\SIMULATIONGUI\X64\DEBUG\VPULSE.OBJ
C:\USERS\SABRINA\DESKTOP\SIMULATIONGUI\SIMULATIONGUI\X64\DEBUG\VPROBE.OBJ
C:\USERS\SABRINA\DESKTOP\SIMULATIONGUI\SIMULATIONGUI\X64\DEBUG\VOLT_NOISE.OBJ
C:\USERS\SABRINA\DESKTOP\SIMULATIONGUI\SIMULATIONGUI\X64\DEBUG\VOLT_DC.OBJ
C:\USERS\SABRINA\DESKTOP\SIMULATIONGUI\SIMULATIONGUI\X64\DEBUG\VOLT_AC.OBJ
C:\USERS\SABRINA\DESKTOP\SIMULATIONGUI\SIMULATIONGUI\X64\DEBUG\VHDLFILE.OBJ
C:\USERS\SABRINA\DESKTOP\SIMULATIONGUI\SIMULATIONGUI\X64\DEBUG\VFILE.OBJ
C:\USERS\SABRINA\DESKTOP\SIMULATIONGUI\SIMULATIONGUI\X64\DEBUG\VEXP.OBJ
C:\USERS\SABRINA\DESKTOP\SIMULATIONGUI\SIMULATIONGUI\X64\DEBUG\VERILOGFILE.OBJ
C:\USERS\SABRINA\DESKTOP\SIMULATIONGUI\SIMULATIONGUI\X64\DEBUG\VCVS.OBJ
C:\USERS\SABRINA\DESKTOP\SIMULATIONGUI\SIMULATIONGUI\X64\DEBUG\VCRESISTOR.OBJ
C:\USERS\SABRINA\DESKTOP\SIMULATIONGUI\SIMULATIONGUI\X64\DEBUG\VCCS.OBJ
C:\USERS\SABRINA\DESKTOP\SIMULATIONGUI\SIMULATIONGUI\X64\DEBUG\VAFILE.OBJ
C:\USERS\SABRINA\DESKTOP\SIMULATIONGUI\SIMULATIONGUI\X64\DEBUG\VACOMPONENT.OBJ
C:\USERS\SABRINA\DESKTOP\SIMULATIONGUI\SIMULATIONGUI\X64\DEBUG\SAVEDIALOG.OBJ
C:\USERS\SABRINA\DESKTOP\SIMULATIONGUI\SIMULATIONGUI\X64\DEBUG\PACKAGEDIALOG.OBJ
C:\USERS\SABRINA\DESKTOP\SIMULATIONGUI\SIMULATIONGUI\X64\DEBUG\NEWPROJDIALOG.OBJ
C:\USERS\SABRINA\DESKTOP\SIMULATIONGUI\SIMULATIONGUI\X64\DEBUG\MATCHDIALOG.OBJ
C:\USERS\SABRINA\DESKTOP\SIMULATIONGUI\SIMULATIONGUI\X64\DEBUG\LOADDIALOG.OBJ
C:\USERS\SABRINA\DESKTOP\SIMULATIONGUI\SIMULATIONGUI\X64\DEBUG\LIBRARYDIALOG.OBJ
C:\USERS\SABRINA\DESKTOP\SIMULATIONGUI\SIMULATIONGUI\X64\DEBUG\LABELDIALOG.OBJ
C:\USERS\SABRINA\DESKTOP\SIMULATIONGUI\SIMULATIONGUI\X64\DEBUG\IMPORTDIALOG.OBJ
C:\USERS\SABRINA\DESKTOP\SIMULATIONGUI\SIMULATIONGUI\X64\DEBUG\EXPORTDIALOG.OBJ
C:\USERS\SABRINA\DESKTOP\SIMULATIONGUI\SIMULATIONGUI\X64\DEBUG\DIGISETTINGSDIALOG.OBJ
C:\USERS\SABRINA\DESKTOP\SIMULATIONGUI\SIMULATIONGUI\X64\DEBUG\CHANGEDIALOG.OBJ
C:\USERS\SABRINA\DESKTOP\SIMULATIONGUI\SIMULATIONGUI\X64\DEBUG\TRUTHDIAGRAM.OBJ
C:\USERS\SABRINA\DESKTOP\SIMULATIONGUI\SIMULATIONGUI\X64\DEBUG\TIMINGDIAGRAM.OBJ
C:\USERS\SABRINA\DESKTOP\SIMULATIONGUI\SIMULATIONGUI\X64\DEBUG\TABDIAGRAM.OBJ
C:\USERS\SABRINA\DESKTOP\SIMULATIONGUI\SIMULATIONGUI\X64\DEBUG\SMITHDIAGRAM.OBJ
C:\USERS\SABRINA\DESKTOP\SIMULATIONGUI\SIMULATIONGUI\X64\DEBUG\RECTDIAGRAM.OBJ
C:\USERS\SABRINA\DESKTOP\SIMULATIONGUI\SIMULATIONGUI\X64\DEBUG\RECT3DDIAGRAM.OBJ
C:\USERS\SABRINA\DESKTOP\SIMULATIONGUI\SIMULATIONGUI\X64\DEBUG\PSDIAGRAM.OBJ
C:\USERS\SABRINA\DESKTOP\SIMULATIONGUI\SIMULATIONGUI\X64\DEBUG\POLARDIAGRAM.OBJ
C:\USERS\SABRINA\DESKTOP\SIMULATIONGUI\SIMULATIONGUI\X64\DEBUG\MARKERDIALOG.OBJ
C:\USERS\SABRINA\DESKTOP\SIMULATIONGUI\SIMULATIONGUI\X64\DEBUG\MOC_ID_DIALOG.OBJ
C:\USERS\SABRINA\DESKTOP\SIMULATIONGUI\SIMULATIONGUI\X64\DEBUG\MOC_GRAPHICTEXTDIALOG.OBJ
C:\USERS\SABRINA\DESKTOP\SIMULATIONGUI\SIMULATIONGUI\X64\DEBUG\MOC_FILLDIALOG.OBJ
C:\USERS\SABRINA\DESKTOP\SIMULATIONGUI\SIMULATIONGUI\X64\DEBUG\MOC_EXPORTDIALOG.OBJ
C:\USERS\SABRINA\DESKTOP\SIMULATIONGUI\SIMULATIONGUI\X64\DEBUG\MOC_DIGISETTINGSDIALOG.OBJ
C:\USERS\SABRINA\DESKTOP\SIMULATIONGUI\SIMULATIONGUI\X64\DEBUG\MOC_DIAGRAMDIALOG.OBJ
C:\USERS\SABRINA\DESKTOP\SIMULATIONGUI\SIMULATIONGUI\X64\DEBUG\MOC_COMPONENTDIALOG.OBJ
C:\USERS\SABRINA\DESKTOP\SIMULATIONGUI\SIMULATIONGUI\X64\DEBUG\MOC_CHANGEDIALOG.OBJ
C:\USERS\SABRINA\DESKTOP\SIMULATIONGUI\SIMULATIONGUI\X64\DEBUG\MOC_ARROWDIALOG.OBJ
C:\USERS\SABRINA\DESKTOP\SIMULATIONGUI\SIMULATIONGUI\X64\DEBUG\ELEMENT.OBJ
C:\USERS\SABRINA\DESKTOP\SIMULATIONGUI\SIMULATIONGUI\X64\DEBUG\VTABWIDGET.OBJ
C:\USERS\SABRINA\DESKTOP\SIMULATIONGUI\SIMULATIONGUI\X64\DEBUG\VTABBUTTON.OBJ
C:\USERS\SABRINA\DESKTOP\SIMULATIONGUI\SIMULATIONGUI\X64\DEBUG\VTABBEDDOCKWIDGET.OBJ
C:\USERS\SABRINA\DESKTOP\SIMULATIONGUI\SIMULATIONGUI\X64\DEBUG\VTABBAR.OBJ
C:\USERS\SABRINA\DESKTOP\SIMULATIONGUI\SIMULATIONGUI\X64\DEBUG\VASETTINGSDIALOG.OBJ
C:\USERS\SABRINA\DESKTOP\SIMULATIONGUI\SIMULATIONGUI\X64\DEBUG\SWEEPDIALOG.OBJ
C:\USERS\SABRINA\DESKTOP\SIMULATIONGUI\SIMULATIONGUI\X64\DEBUG\SIMMESSAGE.OBJ
C:\USERS\SABRINA\DESKTOP\SIMULATIONGUI\SIMULATIONGUI\X64\DEBUG\SIMGUISETTINGSDIALOG.OBJ
C:\USERS\SABRINA\DESKTOP\SIMULATIONGUI\SIMULATIONGUI\X64\DEBUG\SETTINGSDIALOG.OBJ
C:\USERS\SABRINA\DESKTOP\SIMULATIONGUI\SIMULATIONGUI\X64\DEBUG\SEARCHDIALOG.OBJ
C:\USERS\SABRINA\DESKTOP\SIMULATIONGUI\SIMULATIONGUI\X64\DEBUG\MOC_SPICEFILE.OBJ
C:\USERS\SABRINA\DESKTOP\SIMULATIONGUI\SIMULATIONGUI\X64\DEBUG\MOC_SPICEDIALOG.OBJ
C:\USERS\SABRINA\DESKTOP\SIMULATIONGUI\SIMULATIONGUI\X64\DEBUG\MOC_SIMMESSAGE.OBJ
C:\USERS\SABRINA\DESKTOP\SIMULATIONGUI\SIMULATIONGUI\X64\DEBUG\MOC_SIMGUISETTINGSDIALOG.OBJ
C:\USERS\SABRINA\DESKTOP\SIMULATIONGUI\SIMULATIONGUI\X64\DEBUG\MOC_SIMGUI.OBJ
C:\USERS\SABRINA\DESKTOP\SIMULATIONGUI\SIMULATIONGUI\X64\DEBUG\MOC_SETTINGSDIALOG.OBJ
C:\USERS\SABRINA\DESKTOP\SIMULATIONGUI\SIMULATIONGUI\X64\DEBUG\MOC_SEARCHDIALOG.OBJ
C:\USERS\SABRINA\DESKTOP\SIMULATIONGUI\SIMULATIONGUI\X64\DEBUG\MOC_SCHEMATIC.OBJ
C:\USERS\SABRINA\DESKTOP\SIMULATIONGUI\SIMULATIONGUI\X64\DEBUG\MOC_SAVEDIALOG.OBJ
C:\USERS\SABRINA\DESKTOP\SIMULATIONGUI\SIMULATIONGUI\X64\DEBUG\MOC_PACKAGEDIALOG.OBJ
C:\USERS\SABRINA\DESKTOP\SIMULATIONGUI\SIMULATIONGUI\X64\DEBUG\MOC_OPTIMIZEDIALOG.OBJ
C:\USERS\SABRINA\DESKTOP\SIMULATIONGUI\SIMULATIONGUI\X64\DEBUG\MOC_OCTAVE_WINDOW.OBJ
C:\USERS\SABRINA\DESKTOP\SIMULATIONGUI\SIMULATIONGUI\X64\DEBUG\MOC_NEWPROJDIALOG.OBJ
C:\USERS\SABRINA\DESKTOP\SIMULATIONGUI\SIMULATIONGUI\X64\DEBUG\MOC_MESSAGEDOCK.OBJ
C:\USERS\SABRINA\DESKTOP\SIMULATIONGUI\SIMULATIONGUI\X64\DEBUG\MOC_MATCHDIALOG.OBJ
C:\USERS\SABRINA\DESKTOP\SIMULATIONGUI\SIMULATIONGUI\X64\DEBUG\MOC_MARKERDIALOG.OBJ
C:\USERS\SABRINA\DESKTOP\SIMULATIONGUI\SIMULATIONGUI\X64\DEBUG\MOC_LOADDIALOG.OBJ
C:\USERS\SABRINA\DESKTOP\SIMULATIONGUI\SIMULATIONGUI\X64\DEBUG\MOC_LIBRARYDIALOG.OBJ
C:\USERS\SABRINA\DESKTOP\SIMULATIONGUI\SIMULATIONGUI\X64\DEBUG\MOC_LABELDIALOG.OBJ
C:\USERS\SABRINA\DESKTOP\SIMULATIONGUI\SIMULATIONGUI\X64\DEBUG\MOC_IMPORTDIALOG.OBJ
C:\USERS\SABRINA\DESKTOP\SIMULATIONGUI\SIMULATIONGUI\X64\DEBUG\GRAPHICLINE.OBJ
C:\USERS\SABRINA\DESKTOP\SIMULATIONGUI\SIMULATIONGUI\X64\DEBUG\FILLDIALOG.OBJ
C:\USERS\SABRINA\DESKTOP\SIMULATIONGUI\SIMULATIONGUI\X64\DEBUG\ELLIPSEARC.OBJ
C:\USERS\SABRINA\DESKTOP\SIMULATIONGUI\SIMULATIONGUI\X64\DEBUG\ELLIPSE.OBJ
C:\USERS\SABRINA\DESKTOP\SIMULATIONGUI\SIMULATIONGUI\X64\DEBUG\ARROWDIALOG.OBJ
C:\USERS\SABRINA\DESKTOP\SIMULATIONGUI\SIMULATIONGUI\X64\DEBUG\ARROW.OBJ
C:\USERS\SABRINA\DESKTOP\SIMULATIONGUI\SIMULATIONGUI\X64\DEBUG\OCTAVE_WINDOW.OBJ
C:\USERS\SABRINA\DESKTOP\SIMULATIONGUI\SIMULATIONGUI\X64\DEBUG\NODE.OBJ
C:\USERS\SABRINA\DESKTOP\SIMULATIONGUI\SIMULATIONGUI\X64\DEBUG\MOUSEACTIONS.OBJ
C:\USERS\SABRINA\DESKTOP\SIMULATIONGUI\SIMULATIONGUI\X64\DEBUG\MODULE.OBJ
C:\USERS\SABRINA\DESKTOP\SIMULATIONGUI\SIMULATIONGUI\X64\DEBUG\MNEMO.OBJ
C:\USERS\SABRINA\DESKTOP\SIMULATIONGUI\SIMULATIONGUI\X64\DEBUG\MESSAGEDOCK.OBJ
C:\USERS\SABRINA\DESKTOP\SIMULATIONGUI\SIMULATIONGUI\X64\DEBUG\MAIN.OBJ
C:\USERS\SABRINA\DESKTOP\SIMULATIONGUI\SIMULATIONGUI\X64\DEBUG\MOC_VTABWIDGET.OBJ
C:\USERS\SABRINA\DESKTOP\SIMULATIONGUI\SIMULATIONGUI\X64\DEBUG\MOC_VTABBUTTON.OBJ
C:\USERS\SABRINA\DESKTOP\SIMULATIONGUI\SIMULATIONGUI\X64\DEBUG\MOC_VTABBEDDOCKWIDGET.OBJ
C:\USERS\SABRINA\DESKTOP\SIMULATIONGUI\SIMULATIONGUI\X64\DEBUG\MOC_VTABBAR.OBJ
C:\USERS\SABRINA\DESKTOP\SIMULATIONGUI\SIMULATIONGUI\X64\DEBUG\MOC_VASETTINGSDIALOG.OBJ
C:\USERS\SABRINA\DESKTOP\SIMULATIONGUI\SIMULATIONGUI\X64\DEBUG\MOC_TEXTDOC.OBJ
C:\USERS\SABRINA\DESKTOP\SIMULATIONGUI\SIMULATIONGUI\X64\DEBUG\MOC_SWEEPDIALOG.OBJ
C:\USERS\SABRINA\DESKTOP\SIMULATIONGUI\SIMULATIONGUI\X64\DEBUG\WIRELABEL.OBJ
C:\USERS\SABRINA\DESKTOP\SIMULATIONGUI\SIMULATIONGUI\X64\DEBUG\WIRE.OBJ
C:\USERS\SABRINA\DESKTOP\SIMULATIONGUI\SIMULATIONGUI\X64\DEBUG\VIEWPAINTER.OBJ
C:\USERS\SABRINA\DESKTOP\SIMULATIONGUI\SIMULATIONGUI\X64\DEBUG\TEXTDOC.OBJ
C:\USERS\SABRINA\DESKTOP\SIMULATIONGUI\SIMULATIONGUI\X64\DEBUG\SYNTAX.OBJ
C:\USERS\SABRINA\DESKTOP\SIMULATIONGUI\SIMULATIONGUI\X64\DEBUG\SIMGUI_INIT.OBJ
C:\USERS\SABRINA\DESKTOP\SIMULATIONGUI\SIMULATIONGUI\X64\DEBUG\SIMGUI_ACTIONS.OBJ
C:\USERS\SABRINA\DESKTOP\SIMULATIONGUI\SIMULATIONGUI\X64\DEBUG\SIMGUIDOC.OBJ
C:\USERS\SABRINA\DESKTOP\SIMULATIONGUI\SIMULATIONGUI\X64\DEBUG\SIMGUI.OBJ
C:\USERS\SABRINA\DESKTOP\SIMULATIONGUI\SIMULATIONGUI\X64\DEBUG\SCHEMATIC_FILE.OBJ
C:\USERS\SABRINA\DESKTOP\SIMULATIONGUI\SIMULATIONGUI\X64\DEBUG\SCHEMATIC_ELEMENT.OBJ
C:\USERS\SABRINA\DESKTOP\SIMULATIONGUI\SIMULATIONGUI\X64\DEBUG\SCHEMATIC.OBJ
C:\USERS\SABRINA\DESKTOP\SIMULATIONGUI\SIMULATIONGUI\X64\DEBUG\RECTANGLE.OBJ
C:\USERS\SABRINA\DESKTOP\SIMULATIONGUI\SIMULATIONGUI\X64\DEBUG\PORTSYMBOL.OBJ
C:\USERS\SABRINA\DESKTOP\SIMULATIONGUI\SIMULATIONGUI\X64\DEBUG\PAINTING.OBJ
C:\USERS\SABRINA\DESKTOP\SIMULATIONGUI\SIMULATIONGUI\X64\DEBUG\ID_TEXT.OBJ
C:\USERS\SABRINA\DESKTOP\SIMULATIONGUI\SIMULATIONGUI\X64\DEBUG\ID_DIALOG.OBJ
C:\USERS\SABRINA\DESKTOP\SIMULATIONGUI\SIMULATIONGUI\X64\DEBUG\GRAPHICTEXTDIALOG.OBJ
C:\USERS\SABRINA\DESKTOP\SIMULATIONGUI\SIMULATIONGUI\X64\DEBUG\GRAPHICTEXT.OBJ
C:\USERS\SABRINA\DESKTOP\SIMULATIONGUI\SIMULATIONGUI\X64\DEBUG\VC110.PDB
C:\USERS\SABRINA\DESKTOP\SIMULATIONGUI\SIMULATIONGUI\X64\DEBUG\QRC_SIMGUI.OBJ
C:\USERS\SABRINA\DESKTOP\SIMULATIONGUI\SIMULATIONGUI\GENERATEDFILES\QRC_SIMGUI.CPP
C:\USERS\SABRINA\DESKTOP\SIMULATIONGUI\SIMULATIONGUI\GENERATEDFILES\DEBUG\MOC_SIMGUISETTINGSDIALOG.CPP
C:\USERS\SABRINA\DESKTOP\SIMULATIONGUI\SIMULATIONGUI\GENERATEDFILES\DEBUG\MOC_ID_DIALOG.CPP
C:\USERS\SABRINA\DESKTOP\SIMULATIONGUI\SIMULATIONGUI\GENERATEDFILES\DEBUG\MOC_GRAPHICTEXTDIALOG.CPP
C:\USERS\SABRINA\DESKTOP\SIMULATIONGUI\SIMULATIONGUI\GENERATEDFILES\DEBUG\MOC_FILLDIALOG.CPP
C:\USERS\SABRINA\DESKTOP\SIMULATIONGUI\SIMULATIONGUI\GENERATEDFILES\DEBUG\MOC_VTABWIDGET.CPP
C:\USERS\SABRINA\DESKTOP\SIMULATIONGUI\SIMULATIONGUI\GENERATEDFILES\DEBUG\MOC_VTABBUTTON.CPP
C:\USERS\SABRINA\DESKTOP\SIMULATIONGUI\SIMULATIONGUI\GENERATEDFILES\DEBUG\MOC_VTABBEDDOCKWIDGET.CPP
C:\USERS\SABRINA\DESKTOP\SIMULATIONGUI\SIMULATIONGUI\GENERATEDFILES\DEBUG\MOC_VTABBAR.CPP
C:\USERS\SABRINA\DESKTOP\SIMULATIONGUI\SIMULATIONGUI\GENERATEDFILES\DEBUG\MOC_VASETTINGSDIALOG.CPP
C:\USERS\SABRINA\DESKTOP\SIMULATIONGUI\SIMULATIONGUI\GENERATEDFILES\DEBUG\MOC_SWEEPDIALOG.CPP
C:\USERS\SABRINA\DESKTOP\SIMULATIONGUI\SIMULATIONGUI\GENERATEDFILES\DEBUG\MOC_SIMMESSAGE.CPP
C:\USERS\SABRINA\DESKTOP\SIMULATIONGUI\SIMULATIONGUI\GENERATEDFILES\DEBUG\MOC_SETTINGSDIALOG.CPP
C:\USERS\SABRINA\DESKTOP\SIMULATIONGUI\SIMULATIONGUI\GENERATEDFILES\DEBUG\MOC_SEARCHDIALOG.CPP
C:\USERS\SABRINA\DESKTOP\SIMULATIONGUI\SIMULATIONGUI\GENERATEDFILES\DEBUG\MOC_SAVEDIALOG.CPP
C:\USERS\SABRINA\DESKTOP\SIMULATIONGUI\SIMULATIONGUI\GENERATEDFILES\DEBUG\MOC_PACKAGEDIALOG.CPP
C:\USERS\SABRINA\DESKTOP\SIMULATIONGUI\SIMULATIONGUI\GENERATEDFILES\DEBUG\MOC_NEWPROJDIALOG.CPP
C:\USERS\SABRINA\DESKTOP\SIMULATIONGUI\SIMULATIONGUI\GENERATEDFILES\DEBUG\MOC_MATCHDIALOG.CPP
C:\USERS\SABRINA\DESKTOP\SIMULATIONGUI\SIMULATIONGUI\GENERATEDFILES\DEBUG\MOC_LOADDIALOG.CPP
C:\USERS\SABRINA\DESKTOP\SIMULATIONGUI\SIMULATIONGUI\GENERATEDFILES\DEBUG\MOC_LIBRARYDIALOG.CPP
C:\USERS\SABRINA\DESKTOP\SIMULATIONGUI\SIMULATIONGUI\GENERATEDFILES\DEBUG\MOC_LABELDIALOG.CPP
C:\USERS\SABRINA\DESKTOP\SIMULATIONGUI\SIMULATIONGUI\GENERATEDFILES\DEBUG\MOC_IMPORTDIALOG.CPP
C:\USERS\SABRINA\DESKTOP\SIMULATIONGUI\SIMULATIONGUI\GENERATEDFILES\DEBUG\MOC_EXPORTDIALOG.CPP
C:\USERS\SABRINA\DESKTOP\SIMULATIONGUI\SIMULATIONGUI\GENERATEDFILES\DEBUG\MOC_DIGISETTINGSDIALOG.CPP
C:\USERS\SABRINA\DESKTOP\SIMULATIONGUI\SIMULATIONGUI\GENERATEDFILES\DEBUG\MOC_CHANGEDIALOG.CPP
C:\USERS\SABRINA\DESKTOP\SIMULATIONGUI\SIMULATIONGUI\GENERATEDFILES\DEBUG\MOC_MARKERDIALOG.CPP
C:\USERS\SABRINA\DESKTOP\SIMULATIONGUI\SIMULATIONGUI\GENERATEDFILES\DEBUG\MOC_DIAGRAMDIALOG.CPP
C:\USERS\SABRINA\DESKTOP\SIMULATIONGUI\SIMULATIONGUI\GENERATEDFILES\DEBUG\MOC_SPICEFILE.CPP
C:\USERS\SABRINA\DESKTOP\SIMULATIONGUI\SIMULATIONGUI\GENERATEDFILES\DEBUG\MOC_SPICEDIALOG.CPP
C:\USERS\SABRINA\DESKTOP\SIMULATIONGUI\SIMULATIONGUI\GENERATEDFILES\DEBUG\MOC_OPTIMIZEDIALOG.CPP
C:\USERS\SABRINA\DESKTOP\SIMULATIONGUI\SIMULATIONGUI\GENERATEDFILES\DEBUG\MOC_COMPONENTDIALOG.CPP
C:\USERS\SABRINA\DESKTOP\SIMULATIONGUI\SIMULATIONGUI\GENERATEDFILES\DEBUG\MOC_SIMGUI.CPP
C:\USERS\SABRINA\DESKTOP\SIMULATIONGUI\SIMULATIONGUI\GENERATEDFILES\DEBUG\MOC_TEXTDOC.CPP
C:\USERS\SABRINA\DESKTOP\SIMULATIONGUI\SIMULATIONGUI\GENERATEDFILES\DEBUG\MOC_SCHEMATIC.CPP
C:\USERS\SABRINA\DESKTOP\SIMULATIONGUI\SIMULATIONGUI\GENERATEDFILES\DEBUG\MOC_OCTAVE_WINDOW.CPP
C:\USERS\SABRINA\DESKTOP\SIMULATIONGUI\SIMULATIONGUI\GENERATEDFILES\DEBUG\MOC_MESSAGEDOCK.CPP
C:\USERS\SABRINA\DESKTOP\SIMULATIONGUI\X64\DEBUG\SIMULATIONGUI.ILK
C:\USERS\SABRINA\DESKTOP\SIMULATIONGUI\X64\DEBUG\SIMULATIONGUI.EXE
C:\USERS\SABRINA\DESKTOP\SIMULATIONGUI\X64\DEBUG\SIMULATIONGUI.PDB
C:\Users\Sabrina\Desktop\simulationGUI\simulationGUI\x64\Debug\ac_sim.obj
C:\Users\Sabrina\Desktop\simulationGUI\simulationGUI\x64\Debug\ampere_ac.obj
C:\Users\Sabrina\Desktop\simulationGUI\simulationGUI\x64\Debug\ampere_dc.obj
C:\Users\Sabrina\Desktop\simulationGUI\simulationGUI\x64\Debug\ampere_noise.obj
C:\Users\Sabrina\Desktop\simulationGUI\simulationGUI\x64\Debug\amplifier.obj
C:\Users\Sabrina\Desktop\simulationGUI\simulationGUI\x64\Debug\am_modulator.obj
C:\Users\Sabrina\Desktop\simulationGUI\simulationGUI\x64\Debug\andor4x2.obj
C:\Users\Sabrina\Desktop\simulationGUI\simulationGUI\x64\Debug\andor4x3.obj
C:\Users\Sabrina\Desktop\simulationGUI\simulationGUI\x64\Debug\andor4x4.obj
C:\Users\Sabrina\Desktop\simulationGUI\simulationGUI\x64\Debug\arrow.obj
C:\Users\Sabrina\Desktop\simulationGUI\simulationGUI\x64\Debug\arrowdialog.obj
C:\Users\Sabrina\Desktop\simulationGUI\simulationGUI\x64\Debug\attenuator.obj
C:\Users\Sabrina\Desktop\simulationGUI\simulationGUI\x64\Debug\biast.obj
C:\Users\Sabrina\Desktop\simulationGUI\simulationGUI\x64\Debug\binarytogrey4bit.obj
C:\Users\Sabrina\Desktop\simulationGUI\simulationGUI\x64\Debug\bjt.obj
C:\Users\Sabrina\Desktop\simulationGUI\simulationGUI\x64\Debug\bjtsub.obj
C:\Users\Sabrina\Desktop\simulationGUI\simulationGUI\x64\Debug\bondwire.obj
C:\Users\Sabrina\Desktop\simulationGUI\simulationGUI\x64\Debug\bsim3v34nMOS.obj
C:\Users\Sabrina\Desktop\simulationGUI\simulationGUI\x64\Debug\bsim3v34pMOS.obj
C:\Users\Sabrina\Desktop\simulationGUI\simulationGUI\x64\Debug\bsim4v30nMOS.obj
C:\Users\Sabrina\Desktop\simulationGUI\simulationGUI\x64\Debug\bsim4v30pMOS.obj
C:\Users\Sabrina\Desktop\simulationGUI\simulationGUI\x64\Debug\capacitor.obj
C:\Users\Sabrina\Desktop\simulationGUI\simulationGUI\x64\Debug\cccs.obj
C:\Users\Sabrina\Desktop\simulationGUI\simulationGUI\x64\Debug\ccvs.obj
C:\Users\Sabrina\Desktop\simulationGUI\simulationGUI\x64\Debug\changedialog.obj
C:\Users\Sabrina\Desktop\simulationGUI\simulationGUI\x64\Debug\circulator.obj
C:\Users\Sabrina\Desktop\simulationGUI\simulationGUI\x64\Debug\coaxialline.obj
C:\Users\Sabrina\Desktop\simulationGUI\simulationGUI\x64\Debug\component.obj
C:\Users\Sabrina\Desktop\simulationGUI\simulationGUI\x64\Debug\componentdialog.obj
C:\Users\Sabrina\Desktop\simulationGUI\simulationGUI\x64\Debug\comp_1bit.obj
C:\Users\Sabrina\Desktop\simulationGUI\simulationGUI\x64\Debug\comp_2bit.obj
C:\Users\Sabrina\Desktop\simulationGUI\simulationGUI\x64\Debug\comp_4bit.obj
C:\Users\Sabrina\Desktop\simulationGUI\simulationGUI\x64\Debug\coplanar.obj
C:\Users\Sabrina\Desktop\simulationGUI\simulationGUI\x64\Debug\coupler.obj
C:\Users\Sabrina\Desktop\simulationGUI\simulationGUI\x64\Debug\cpwgap.obj
C:\Users\Sabrina\Desktop\simulationGUI\simulationGUI\x64\Debug\cpwopen.obj
C:\Users\Sabrina\Desktop\simulationGUI\simulationGUI\x64\Debug\cpwshort.obj
C:\Users\Sabrina\Desktop\simulationGUI\simulationGUI\x64\Debug\cpwstep.obj
C:\Users\Sabrina\Desktop\simulationGUI\simulationGUI\x64\Debug\ctline.obj
C:\Users\Sabrina\Desktop\simulationGUI\simulationGUI\x64\Debug\curvediagram.obj
C:\Users\Sabrina\Desktop\simulationGUI\simulationGUI\x64\Debug\dcblock.obj
C:\Users\Sabrina\Desktop\simulationGUI\simulationGUI\x64\Debug\dcfeed.obj
C:\Users\Sabrina\Desktop\simulationGUI\simulationGUI\x64\Debug\dc_sim.obj
C:\Users\Sabrina\Desktop\simulationGUI\simulationGUI\x64\Debug\dff_SR.obj
C:\Users\Sabrina\Desktop\simulationGUI\simulationGUI\x64\Debug\diac.obj
C:\Users\Sabrina\Desktop\simulationGUI\simulationGUI\x64\Debug\diagram.obj
C:\Users\Sabrina\Desktop\simulationGUI\simulationGUI\x64\Debug\diagramdialog.obj
C:\Users\Sabrina\Desktop\simulationGUI\simulationGUI\x64\Debug\digisettingsdialog.obj
C:\Users\Sabrina\Desktop\simulationGUI\simulationGUI\x64\Debug\digi_sim.obj
C:\Users\Sabrina\Desktop\simulationGUI\simulationGUI\x64\Debug\digi_source.obj
C:\Users\Sabrina\Desktop\simulationGUI\simulationGUI\x64\Debug\diode.obj
C:\Users\Sabrina\Desktop\simulationGUI\simulationGUI\x64\Debug\DLS_1ton.obj
C:\Users\Sabrina\Desktop\simulationGUI\simulationGUI\x64\Debug\DLS_nto1.obj
C:\Users\Sabrina\Desktop\simulationGUI\simulationGUI\x64\Debug\dmux2to4.obj
C:\Users\Sabrina\Desktop\simulationGUI\simulationGUI\x64\Debug\dmux3to8.obj
C:\Users\Sabrina\Desktop\simulationGUI\simulationGUI\x64\Debug\dmux4to16.obj
C:\Users\Sabrina\Desktop\simulationGUI\simulationGUI\x64\Debug\d_flipflop.obj
C:\Users\Sabrina\Desktop\simulationGUI\simulationGUI\x64\Debug\ecvs.obj
C:\Users\Sabrina\Desktop\simulationGUI\simulationGUI\x64\Debug\EKV26MOS.obj
C:\Users\Sabrina\Desktop\simulationGUI\simulationGUI\x64\Debug\element.obj
C:\Users\Sabrina\Desktop\simulationGUI\simulationGUI\x64\Debug\ellipse.obj
C:\Users\Sabrina\Desktop\simulationGUI\simulationGUI\x64\Debug\ellipsearc.obj
C:\Users\Sabrina\Desktop\simulationGUI\simulationGUI\x64\Debug\eqndefined.obj
C:\Users\Sabrina\Desktop\simulationGUI\simulationGUI\x64\Debug\equation.obj
C:\Users\Sabrina\Desktop\simulationGUI\simulationGUI\x64\Debug\etr_sim.obj
C:\Users\Sabrina\Desktop\simulationGUI\simulationGUI\x64\Debug\exportdialog.obj
C:\Users\Sabrina\Desktop\simulationGUI\simulationGUI\x64\Debug\fa1b.obj
C:\Users\Sabrina\Desktop\simulationGUI\simulationGUI\x64\Debug\fa2b.obj
C:\Users\Sabrina\Desktop\simulationGUI\simulationGUI\x64\Debug\filldialog.obj
C:\Users\Sabrina\Desktop\simulationGUI\simulationGUI\x64\Debug\gatedDlatch.obj
C:\Users\Sabrina\Desktop\simulationGUI\simulationGUI\x64\Debug\graph.obj
C:\Users\Sabrina\Desktop\simulationGUI\simulationGUI\x64\Debug\graphicline.obj
C:\Users\Sabrina\Desktop\simulationGUI\simulationGUI\x64\Debug\graphictext.obj
C:\Users\Sabrina\Desktop\simulationGUI\simulationGUI\x64\Debug\graphictextdialog.obj
C:\Users\Sabrina\Desktop\simulationGUI\simulationGUI\x64\Debug\greytobinary4bit.obj
C:\Users\Sabrina\Desktop\simulationGUI\simulationGUI\x64\Debug\ground.obj
C:\Users\Sabrina\Desktop\simulationGUI\simulationGUI\x64\Debug\gyrator.obj
C:\Users\Sabrina\Desktop\simulationGUI\simulationGUI\x64\Debug\ha1b.obj
C:\Users\Sabrina\Desktop\simulationGUI\simulationGUI\x64\Debug\HBT_X.obj
C:\Users\Sabrina\Desktop\simulationGUI\simulationGUI\x64\Debug\hb_sim.obj
C:\Users\Sabrina\Desktop\simulationGUI\simulationGUI\x64\Debug\hic0_full.obj
C:\Users\Sabrina\Desktop\simulationGUI\simulationGUI\x64\Debug\hic2_full.obj
C:\Users\Sabrina\Desktop\simulationGUI\simulationGUI\x64\Debug\hicumL0V1p2.obj
C:\Users\Sabrina\Desktop\simulationGUI\simulationGUI\x64\Debug\hicumL0V1p2g.obj
C:\Users\Sabrina\Desktop\simulationGUI\simulationGUI\x64\Debug\hicumL0V1p3.obj
C:\Users\Sabrina\Desktop\simulationGUI\simulationGUI\x64\Debug\hicumL2V2p1.obj
C:\Users\Sabrina\Desktop\simulationGUI\simulationGUI\x64\Debug\hicumL2V2p23.obj
C:\Users\Sabrina\Desktop\simulationGUI\simulationGUI\x64\Debug\hicumL2V2p24.obj
C:\Users\Sabrina\Desktop\simulationGUI\simulationGUI\x64\Debug\hicumL2V2p31n.obj
C:\Users\Sabrina\Desktop\simulationGUI\simulationGUI\x64\Debug\hpribin4bit.obj
C:\Users\Sabrina\Desktop\simulationGUI\simulationGUI\x64\Debug\hybrid.obj
C:\Users\Sabrina\Desktop\simulationGUI\simulationGUI\x64\Debug\id_dialog.obj
C:\Users\Sabrina\Desktop\simulationGUI\simulationGUI\x64\Debug\id_text.obj
C:\Users\Sabrina\Desktop\simulationGUI\simulationGUI\x64\Debug\iexp.obj
C:\Users\Sabrina\Desktop\simulationGUI\simulationGUI\x64\Debug\ifile.obj
C:\Users\Sabrina\Desktop\simulationGUI\simulationGUI\x64\Debug\importdialog.obj
C:\Users\Sabrina\Desktop\simulationGUI\simulationGUI\x64\Debug\inductor.obj
C:\Users\Sabrina\Desktop\simulationGUI\simulationGUI\x64\Debug\iprobe.obj
C:\Users\Sabrina\Desktop\simulationGUI\simulationGUI\x64\Debug\ipulse.obj
C:\Users\Sabrina\Desktop\simulationGUI\simulationGUI\x64\Debug\irect.obj
C:\Users\Sabrina\Desktop\simulationGUI\simulationGUI\x64\Debug\isolator.obj
C:\Users\Sabrina\Desktop\simulationGUI\simulationGUI\x64\Debug\jfet.obj
C:\Users\Sabrina\Desktop\simulationGUI\simulationGUI\x64\Debug\jkff_SR.obj
C:\Users\Sabrina\Desktop\simulationGUI\simulationGUI\x64\Debug\jk_flipflop.obj
C:\Users\Sabrina\Desktop\simulationGUI\simulationGUI\x64\Debug\labeldialog.obj
C:\Users\Sabrina\Desktop\simulationGUI\simulationGUI\x64\Debug\libcomp.obj
C:\Users\Sabrina\Desktop\simulationGUI\simulationGUI\x64\Debug\librarydialog.obj
C:\Users\Sabrina\Desktop\simulationGUI\simulationGUI\x64\Debug\loaddialog.obj
C:\Users\Sabrina\Desktop\simulationGUI\simulationGUI\x64\Debug\logical_and.obj
C:\Users\Sabrina\Desktop\simulationGUI\simulationGUI\x64\Debug\logical_buf.obj
C:\Users\Sabrina\Desktop\simulationGUI\simulationGUI\x64\Debug\logical_inv.obj
C:\Users\Sabrina\Desktop\simulationGUI\simulationGUI\x64\Debug\logical_nand.obj
C:\Users\Sabrina\Desktop\simulationGUI\simulationGUI\x64\Debug\logical_nor.obj
C:\Users\Sabrina\Desktop\simulationGUI\simulationGUI\x64\Debug\logical_or.obj
C:\Users\Sabrina\Desktop\simulationGUI\simulationGUI\x64\Debug\logical_xnor.obj
C:\Users\Sabrina\Desktop\simulationGUI\simulationGUI\x64\Debug\logical_xor.obj
C:\Users\Sabrina\Desktop\simulationGUI\simulationGUI\x64\Debug\logic_0.obj
C:\Users\Sabrina\Desktop\simulationGUI\simulationGUI\x64\Debug\logic_1.obj
C:\Users\Sabrina\Desktop\simulationGUI\simulationGUI\x64\Debug\log_amp.obj
C:\Users\Sabrina\Desktop\simulationGUI\simulationGUI\x64\Debug\main.obj
C:\Users\Sabrina\Desktop\simulationGUI\simulationGUI\x64\Debug\marker.obj
C:\Users\Sabrina\Desktop\simulationGUI\simulationGUI\x64\Debug\markerdialog.obj
C:\Users\Sabrina\Desktop\simulationGUI\simulationGUI\x64\Debug\matchdialog.obj
C:\Users\Sabrina\Desktop\simulationGUI\simulationGUI\x64\Debug\MESFET.obj
C:\Users\Sabrina\Desktop\simulationGUI\simulationGUI\x64\Debug\messagedock.obj
C:\Users\Sabrina\Desktop\simulationGUI\simulationGUI\x64\Debug\mnemo.obj
C:\Users\Sabrina\Desktop\simulationGUI\simulationGUI\x64\Debug\moc_arrowdialog.obj
C:\Users\Sabrina\Desktop\simulationGUI\simulationGUI\x64\Debug\moc_changedialog.obj
C:\Users\Sabrina\Desktop\simulationGUI\simulationGUI\x64\Debug\moc_componentdialog.obj
C:\Users\Sabrina\Desktop\simulationGUI\simulationGUI\x64\Debug\moc_diagramdialog.obj
C:\Users\Sabrina\Desktop\simulationGUI\simulationGUI\x64\Debug\moc_digisettingsdialog.obj
C:\Users\Sabrina\Desktop\simulationGUI\simulationGUI\x64\Debug\moc_exportdialog.obj
C:\Users\Sabrina\Desktop\simulationGUI\simulationGUI\x64\Debug\moc_filldialog.obj
C:\Users\Sabrina\Desktop\simulationGUI\simulationGUI\x64\Debug\moc_graphictextdialog.obj
C:\Users\Sabrina\Desktop\simulationGUI\simulationGUI\x64\Debug\moc_id_dialog.obj
C:\Users\Sabrina\Desktop\simulationGUI\simulationGUI\x64\Debug\moc_importdialog.obj
C:\Users\Sabrina\Desktop\simulationGUI\simulationGUI\x64\Debug\moc_labeldialog.obj
C:\Users\Sabrina\Desktop\simulationGUI\simulationGUI\x64\Debug\moc_librarydialog.obj
C:\Users\Sabrina\Desktop\simulationGUI\simulationGUI\x64\Debug\moc_loaddialog.obj
C:\Users\Sabrina\Desktop\simulationGUI\simulationGUI\x64\Debug\moc_markerdialog.obj
C:\Users\Sabrina\Desktop\simulationGUI\simulationGUI\x64\Debug\moc_matchdialog.obj
C:\Users\Sabrina\Desktop\simulationGUI\simulationGUI\x64\Debug\moc_messagedock.obj
C:\Users\Sabrina\Desktop\simulationGUI\simulationGUI\x64\Debug\moc_newprojdialog.obj
C:\Users\Sabrina\Desktop\simulationGUI\simulationGUI\x64\Debug\moc_octave_window.obj
C:\Users\Sabrina\Desktop\simulationGUI\simulationGUI\x64\Debug\moc_optimizedialog.obj
C:\Users\Sabrina\Desktop\simulationGUI\simulationGUI\x64\Debug\moc_packagedialog.obj
C:\Users\Sabrina\Desktop\simulationGUI\simulationGUI\x64\Debug\moc_savedialog.obj
C:\Users\Sabrina\Desktop\simulationGUI\simulationGUI\x64\Debug\moc_schematic.obj
C:\Users\Sabrina\Desktop\simulationGUI\simulationGUI\x64\Debug\moc_searchdialog.obj
C:\Users\Sabrina\Desktop\simulationGUI\simulationGUI\x64\Debug\moc_settingsdialog.obj
C:\Users\Sabrina\Desktop\simulationGUI\simulationGUI\x64\Debug\moc_simgui.obj
C:\Users\Sabrina\Desktop\simulationGUI\simulationGUI\x64\Debug\moc_simguisettingsdialog.obj
C:\Users\Sabrina\Desktop\simulationGUI\simulationGUI\x64\Debug\moc_simmessage.obj
C:\Users\Sabrina\Desktop\simulationGUI\simulationGUI\x64\Debug\moc_spicedialog.obj
C:\Users\Sabrina\Desktop\simulationGUI\simulationGUI\x64\Debug\moc_spicefile.obj
C:\Users\Sabrina\Desktop\simulationGUI\simulationGUI\x64\Debug\moc_sweepdialog.obj
C:\Users\Sabrina\Desktop\simulationGUI\simulationGUI\x64\Debug\moc_textdoc.obj
C:\Users\Sabrina\Desktop\simulationGUI\simulationGUI\x64\Debug\moc_vasettingsdialog.obj
C:\Users\Sabrina\Desktop\simulationGUI\simulationGUI\x64\Debug\moc_vtabbar.obj
C:\Users\Sabrina\Desktop\simulationGUI\simulationGUI\x64\Debug\moc_vtabbeddockwidget.obj
C:\Users\Sabrina\Desktop\simulationGUI\simulationGUI\x64\Debug\moc_vtabbutton.obj
C:\Users\Sabrina\Desktop\simulationGUI\simulationGUI\x64\Debug\moc_vtabwidget.obj
C:\Users\Sabrina\Desktop\simulationGUI\simulationGUI\x64\Debug\module.obj
C:\Users\Sabrina\Desktop\simulationGUI\simulationGUI\x64\Debug\mod_amp.obj
C:\Users\Sabrina\Desktop\simulationGUI\simulationGUI\x64\Debug\mosfet.obj
C:\Users\Sabrina\Desktop\simulationGUI\simulationGUI\x64\Debug\mosfet_sub.obj
C:\Users\Sabrina\Desktop\simulationGUI\simulationGUI\x64\Debug\mouseactions.obj
C:\Users\Sabrina\Desktop\simulationGUI\simulationGUI\x64\Debug\mscorner.obj
C:\Users\Sabrina\Desktop\simulationGUI\simulationGUI\x64\Debug\mscoupled.obj
C:\Users\Sabrina\Desktop\simulationGUI\simulationGUI\x64\Debug\mscross.obj
C:\Users\Sabrina\Desktop\simulationGUI\simulationGUI\x64\Debug\msgap.obj
C:\Users\Sabrina\Desktop\simulationGUI\simulationGUI\x64\Debug\mslange.obj
C:\Users\Sabrina\Desktop\simulationGUI\simulationGUI\x64\Debug\msline.obj
C:\Users\Sabrina\Desktop\simulationGUI\simulationGUI\x64\Debug\msmbend.obj
C:\Users\Sabrina\Desktop\simulationGUI\simulationGUI\x64\Debug\msopen.obj
C:\Users\Sabrina\Desktop\simulationGUI\simulationGUI\x64\Debug\msrstub.obj
C:\Users\Sabrina\Desktop\simulationGUI\simulationGUI\x64\Debug\msstep.obj
C:\Users\Sabrina\Desktop\simulationGUI\simulationGUI\x64\Debug\mstee.obj
C:\Users\Sabrina\Desktop\simulationGUI\simulationGUI\x64\Debug\msvia.obj
C:\Users\Sabrina\Desktop\simulationGUI\simulationGUI\x64\Debug\mutual.obj
C:\Users\Sabrina\Desktop\simulationGUI\simulationGUI\x64\Debug\mutual2.obj
C:\Users\Sabrina\Desktop\simulationGUI\simulationGUI\x64\Debug\mux2to1.obj
C:\Users\Sabrina\Desktop\simulationGUI\simulationGUI\x64\Debug\mux4to1.obj
C:\Users\Sabrina\Desktop\simulationGUI\simulationGUI\x64\Debug\mux8to1.obj
C:\Users\Sabrina\Desktop\simulationGUI\simulationGUI\x64\Debug\newprojdialog.obj
C:\Users\Sabrina\Desktop\simulationGUI\simulationGUI\x64\Debug\nigbt.obj
C:\Users\Sabrina\Desktop\simulationGUI\simulationGUI\x64\Debug\node.obj
C:\Users\Sabrina\Desktop\simulationGUI\simulationGUI\x64\Debug\noise_ii.obj
C:\Users\Sabrina\Desktop\simulationGUI\simulationGUI\x64\Debug\noise_iv.obj
C:\Users\Sabrina\Desktop\simulationGUI\simulationGUI\x64\Debug\noise_vv.obj
C:\Users\Sabrina\Desktop\simulationGUI\simulationGUI\x64\Debug\octave_window.obj
C:\Users\Sabrina\Desktop\simulationGUI\simulationGUI\x64\Debug\opamp.obj
C:\Users\Sabrina\Desktop\simulationGUI\simulationGUI\x64\Debug\optimizedialog.obj
C:\Users\Sabrina\Desktop\simulationGUI\simulationGUI\x64\Debug\opt_sim.obj
C:\Users\Sabrina\Desktop\simulationGUI\simulationGUI\x64\Debug\packagedialog.obj
C:\Users\Sabrina\Desktop\simulationGUI\simulationGUI\x64\Debug\pad2bit.obj
C:\Users\Sabrina\Desktop\simulationGUI\simulationGUI\x64\Debug\pad3bit.obj
C:\Users\Sabrina\Desktop\simulationGUI\simulationGUI\x64\Debug\pad4bit.obj
C:\Users\Sabrina\Desktop\simulationGUI\simulationGUI\x64\Debug\painting.obj
C:\Users\Sabrina\Desktop\simulationGUI\simulationGUI\x64\Debug\param_sweep.obj
C:\Users\Sabrina\Desktop\simulationGUI\simulationGUI\x64\Debug\phaseshifter.obj
C:\Users\Sabrina\Desktop\simulationGUI\simulationGUI\x64\Debug\photodiode.obj
C:\Users\Sabrina\Desktop\simulationGUI\simulationGUI\x64\Debug\phototransistor.obj
C:\Users\Sabrina\Desktop\simulationGUI\simulationGUI\x64\Debug\pm_modulator.obj
C:\Users\Sabrina\Desktop\simulationGUI\simulationGUI\x64\Debug\polardiagram.obj
C:\Users\Sabrina\Desktop\simulationGUI\simulationGUI\x64\Debug\portsymbol.obj
C:\Users\Sabrina\Desktop\simulationGUI\simulationGUI\x64\Debug\potentiometer.obj
C:\Users\Sabrina\Desktop\simulationGUI\simulationGUI\x64\Debug\psdiagram.obj
C:\Users\Sabrina\Desktop\simulationGUI\simulationGUI\x64\Debug\qrc_simgui.obj
C:\Users\Sabrina\Desktop\simulationGUI\simulationGUI\x64\Debug\rect3ddiagram.obj
C:\Users\Sabrina\Desktop\simulationGUI\simulationGUI\x64\Debug\rectangle.obj
C:\Users\Sabrina\Desktop\simulationGUI\simulationGUI\x64\Debug\rectdiagram.obj
C:\Users\Sabrina\Desktop\simulationGUI\simulationGUI\x64\Debug\rectline.obj
C:\Users\Sabrina\Desktop\simulationGUI\simulationGUI\x64\Debug\relais.obj
C:\Users\Sabrina\Desktop\simulationGUI\simulationGUI\x64\Debug\resistor.obj
C:\Users\Sabrina\Desktop\simulationGUI\simulationGUI\x64\Debug\rfedd.obj
C:\Users\Sabrina\Desktop\simulationGUI\simulationGUI\x64\Debug\rfedd2p.obj
C:\Users\Sabrina\Desktop\simulationGUI\simulationGUI\x64\Debug\rlcg.obj
C:\Users\Sabrina\Desktop\simulationGUI\simulationGUI\x64\Debug\rs_flipflop.obj
C:\Users\Sabrina\Desktop\simulationGUI\simulationGUI\x64\Debug\savedialog.obj
C:\Users\Sabrina\Desktop\simulationGUI\simulationGUI\x64\Debug\schematic.obj
C:\Users\Sabrina\Desktop\simulationGUI\simulationGUI\x64\Debug\schematic_element.obj
C:\Users\Sabrina\Desktop\simulationGUI\simulationGUI\x64\Debug\schematic_file.obj
C:\Users\Sabrina\Desktop\simulationGUI\simulationGUI\x64\Debug\searchdialog.obj
C:\Users\Sabrina\Desktop\simulationGUI\simulationGUI\x64\Debug\settingsdialog.obj
C:\Users\Sabrina\Desktop\simulationGUI\simulationGUI\x64\Debug\simgui.obj
C:\Users\Sabrina\Desktop\simulationGUI\simulationGUI\x64\Debug\simguidoc.obj
C:\Users\Sabrina\Desktop\simulationGUI\simulationGUI\x64\Debug\simguisettingsdialog.obj
C:\Users\Sabrina\Desktop\simulationGUI\simulationGUI\x64\Debug\simgui_actions.obj
C:\Users\Sabrina\Desktop\simulationGUI\simulationGUI\x64\Debug\simgui_init.obj
C:\Users\Sabrina\Desktop\simulationGUI\simulationGUI\x64\Debug\simmessage.obj
C:\Users\Sabrina\Desktop\simulationGUI\simulationGUI\x64\Debug\smithdiagram.obj
C:\Users\Sabrina\Desktop\simulationGUI\simulationGUI\x64\Debug\source_ac.obj
C:\Users\Sabrina\Desktop\simulationGUI\simulationGUI\x64\Debug\sparamfile.obj
C:\Users\Sabrina\Desktop\simulationGUI\simulationGUI\x64\Debug\spicedialog.obj
C:\Users\Sabrina\Desktop\simulationGUI\simulationGUI\x64\Debug\spicefile.obj
C:\Users\Sabrina\Desktop\simulationGUI\simulationGUI\x64\Debug\sp_sim.obj
C:\Users\Sabrina\Desktop\simulationGUI\simulationGUI\x64\Debug\subcircuit.obj
C:\Users\Sabrina\Desktop\simulationGUI\simulationGUI\x64\Debug\subcirport.obj
C:\Users\Sabrina\Desktop\simulationGUI\simulationGUI\x64\Debug\substrate.obj
C:\Users\Sabrina\Desktop\simulationGUI\simulationGUI\x64\Debug\sweepdialog.obj
C:\Users\Sabrina\Desktop\simulationGUI\simulationGUI\x64\Debug\switch.obj
C:\Users\Sabrina\Desktop\simulationGUI\simulationGUI\x64\Debug\symtrafo.obj
C:\Users\Sabrina\Desktop\simulationGUI\simulationGUI\x64\Debug\syntax.obj
C:\Users\Sabrina\Desktop\simulationGUI\simulationGUI\x64\Debug\tabdiagram.obj
C:\Users\Sabrina\Desktop\simulationGUI\simulationGUI\x64\Debug\textdoc.obj
C:\Users\Sabrina\Desktop\simulationGUI\simulationGUI\x64\Debug\tff_SR.obj
C:\Users\Sabrina\Desktop\simulationGUI\simulationGUI\x64\Debug\thyristor.obj
C:\Users\Sabrina\Desktop\simulationGUI\simulationGUI\x64\Debug\timingdiagram.obj
C:\Users\Sabrina\Desktop\simulationGUI\simulationGUI\x64\Debug\tline.obj
C:\Users\Sabrina\Desktop\simulationGUI\simulationGUI\x64\Debug\tline_4port.obj
C:\Users\Sabrina\Desktop\simulationGUI\simulationGUI\x64\Debug\transformer.obj
C:\Users\Sabrina\Desktop\simulationGUI\simulationGUI\x64\Debug\triac.obj
C:\Users\Sabrina\Desktop\simulationGUI\simulationGUI\x64\Debug\truthdiagram.obj
C:\Users\Sabrina\Desktop\simulationGUI\simulationGUI\x64\Debug\tr_sim.obj
C:\Users\Sabrina\Desktop\simulationGUI\simulationGUI\x64\Debug\tunneldiode.obj
C:\Users\Sabrina\Desktop\simulationGUI\simulationGUI\x64\Debug\twistedpair.obj
C:\Users\Sabrina\Desktop\simulationGUI\simulationGUI\x64\Debug\vacomponent.obj
C:\Users\Sabrina\Desktop\simulationGUI\simulationGUI\x64\Debug\vafile.obj
C:\Users\Sabrina\Desktop\simulationGUI\simulationGUI\x64\Debug\vasettingsdialog.obj
C:\Users\Sabrina\Desktop\simulationGUI\simulationGUI\x64\Debug\vccs.obj
C:\Users\Sabrina\Desktop\simulationGUI\simulationGUI\x64\Debug\vcresistor.obj
C:\Users\Sabrina\Desktop\simulationGUI\simulationGUI\x64\Debug\vcvs.obj
C:\Users\Sabrina\Desktop\simulationGUI\simulationGUI\x64\Debug\verilogfile.obj
C:\Users\Sabrina\Desktop\simulationGUI\simulationGUI\x64\Debug\vexp.obj
C:\Users\Sabrina\Desktop\simulationGUI\simulationGUI\x64\Debug\vfile.obj
C:\Users\Sabrina\Desktop\simulationGUI\simulationGUI\x64\Debug\vhdlfile.obj
C:\Users\Sabrina\Desktop\simulationGUI\simulationGUI\x64\Debug\viewpainter.obj
C:\Users\Sabrina\Desktop\simulationGUI\simulationGUI\x64\Debug\volt_ac.obj
C:\Users\Sabrina\Desktop\simulationGUI\simulationGUI\x64\Debug\volt_dc.obj
C:\Users\Sabrina\Desktop\simulationGUI\simulationGUI\x64\Debug\volt_noise.obj
C:\Users\Sabrina\Desktop\simulationGUI\simulationGUI\x64\Debug\vprobe.obj
C:\Users\Sabrina\Desktop\simulationGUI\simulationGUI\x64\Debug\vpulse.obj
C:\Users\Sabrina\Desktop\simulationGUI\simulationGUI\x64\Debug\vrect.obj
C:\Users\Sabrina\Desktop\simulationGUI\simulationGUI\x64\Debug\vtabbar.obj
C:\Users\Sabrina\Desktop\simulationGUI\simulationGUI\x64\Debug\vtabbeddockwidget.obj
C:\Users\Sabrina\Desktop\simulationGUI\simulationGUI\x64\Debug\vtabbutton.obj
C:\Users\Sabrina\Desktop\simulationGUI\simulationGUI\x64\Debug\vtabwidget.obj
C:\Users\Sabrina\Desktop\simulationGUI\simulationGUI\x64\Debug\wire.obj
C:\Users\Sabrina\Desktop\simulationGUI\simulationGUI\x64\Debug\wirelabel.obj
C:\Users\Sabrina\Desktop\simulationGUI\simulationGUI\x64\Debug\cl.command.1.tlog
C:\Users\Sabrina\Desktop\simulationGUI\simulationGUI\x64\Debug\CL.read.1.tlog
C:\Users\Sabrina\Desktop\simulationGUI\simulationGUI\x64\Debug\CL.write.1.tlog
C:\Users\Sabrina\Desktop\simulationGUI\simulationGUI\x64\Debug\custombuild.command.1.tlog
C:\Users\Sabrina\Desktop\simulationGUI\simulationGUI\x64\Debug\custombuild.read.1.tlog
C:\Users\Sabrina\Desktop\simulationGUI\simulationGUI\x64\Debug\custombuild.write.1.tlog
C:\Users\Sabrina\Desktop\simulationGUI\simulationGUI\x64\Debug\link-cvtres.read.1.tlog
C:\Users\Sabrina\Desktop\simulationGUI\simulationGUI\x64\Debug\link-cvtres.write.1.tlog
C:\Users\Sabrina\Desktop\simulationGUI\simulationGUI\x64\Debug\link-rc.read.1.tlog
C:\Users\Sabrina\Desktop\simulationGUI\simulationGUI\x64\Debug\link-rc.write.1.tlog
C:\Users\Sabrina\Desktop\simulationGUI\simulationGUI\x64\Debug\link.411076-cvtres.read.1.tlog
C:\Users\Sabrina\Desktop\simulationGUI\simulationGUI\x64\Debug\link.411076-cvtres.write.1.tlog
C:\Users\Sabrina\Desktop\simulationGUI\simulationGUI\x64\Debug\link.411076-rc.read.1.tlog
C:\Users\Sabrina\Desktop\simulationGUI\simulationGUI\x64\Debug\link.411076-rc.write.1.tlog
C:\Users\Sabrina\Desktop\simulationGUI\simulationGUI\x64\Debug\link.411076.read.1.tlog
C:\Users\Sabrina\Desktop\simulationGUI\simulationGUI\x64\Debug\link.411076.write.1.tlog
C:\Users\Sabrina\Desktop\simulationGUI\simulationGUI\x64\Debug\link.command.1.tlog
C:\Users\Sabrina\Desktop\simulationGUI\simulationGUI\x64\Debug\link.read.1.tlog
C:\Users\Sabrina\Desktop\simulationGUI\simulationGUI\x64\Debug\link.write.1.tlog
C:\Users\Sabrina\Desktop\simulationGUI\simulationGUI\x64\Debug\vc110.pdb
C:\Users\Sabrina\Desktop\simulationGUI\x64\Debug\simulationGUI.pdb
C:\Users\Sabrina\Desktop\simulationGUI\x64\Debug\simulationGUI.exe
C:\Users\Sabrina\Desktop\simulationGUI\x64\Debug\simulationGUI.ilk
